  glm.cpp
C:\Users\RS3\Desktop\TextureAnimation\Project1\Project1\glm.cpp(175,23): error C4996: 'strdup': The POSIX name for this item is deprecated. Instead, use the ISO C and C++ conformant name: _strdup. See online help for details.
C:\Users\RS3\Desktop\TextureAnimation\Project1\Project1\glm.cpp(222,11): error C4996: 'strdup': The POSIX name for this item is deprecated. Instead, use the ISO C and C++ conformant name: _strdup. See online help for details.
C:\Users\RS3\Desktop\TextureAnimation\Project1\Project1\glm.cpp(250,5): error C4996: 'strcpy': This function or variable may be unsafe. Consider using strcpy_s instead. To disable deprecation, use _CRT_SECURE_NO_WARNINGS. See online help for details.
C:\Users\RS3\Desktop\TextureAnimation\Project1\Project1\glm.cpp(251,5): error C4996: 'strcat': This function or variable may be unsafe. Consider using strcat_s instead. To disable deprecation, use _CRT_SECURE_NO_WARNINGS. See online help for details.
C:\Users\RS3\Desktop\TextureAnimation\Project1\Project1\glm.cpp(254,12): error C4996: 'fopen': This function or variable may be unsafe. Consider using fopen_s instead. To disable deprecation, use _CRT_SECURE_NO_WARNINGS. See online help for details.
C:\Users\RS3\Desktop\TextureAnimation\Project1\Project1\glm.cpp(264,11): error C4996: 'fscanf': This function or variable may be unsafe. Consider using fscanf_s instead. To disable deprecation, use _CRT_SECURE_NO_WARNINGS. See online help for details.
C:\Users\RS3\Desktop\TextureAnimation\Project1\Project1\glm.cpp(273,13): error C4996: 'sscanf': This function or variable may be unsafe. Consider using sscanf_s instead. To disable deprecation, use _CRT_SECURE_NO_WARNINGS. See online help for details.
C:\Users\RS3\Desktop\TextureAnimation\Project1\Project1\glm.cpp(304,32): error C4996: 'strdup': The POSIX name for this item is deprecated. Instead, use the ISO C and C++ conformant name: _strdup. See online help for details.
C:\Users\RS3\Desktop\TextureAnimation\Project1\Project1\glm.cpp(308,11): error C4996: 'fscanf': This function or variable may be unsafe. Consider using fscanf_s instead. To disable deprecation, use _CRT_SECURE_NO_WARNINGS. See online help for details.
C:\Users\RS3\Desktop\TextureAnimation\Project1\Project1\glm.cpp(316,13): error C4996: 'sscanf': This function or variable may be unsafe. Consider using sscanf_s instead. To disable deprecation, use _CRT_SECURE_NO_WARNINGS. See online help for details.
C:\Users\RS3\Desktop\TextureAnimation\Project1\Project1\glm.cpp(318,51): error C4996: 'strdup': The POSIX name for this item is deprecated. Instead, use the ISO C and C++ conformant name: _strdup. See online help for details.
C:\Users\RS3\Desktop\TextureAnimation\Project1\Project1\glm.cpp(321,13): error C4996: 'fscanf': This function or variable may be unsafe. Consider using fscanf_s instead. To disable deprecation, use _CRT_SECURE_NO_WARNINGS. See online help for details.
C:\Users\RS3\Desktop\TextureAnimation\Project1\Project1\glm.cpp(329,17): error C4996: 'fscanf': This function or variable may be unsafe. Consider using fscanf_s instead. To disable deprecation, use _CRT_SECURE_NO_WARNINGS. See online help for details.
C:\Users\RS3\Desktop\TextureAnimation\Project1\Project1\glm.cpp(335,17): error C4996: 'fscanf': This function or variable may be unsafe. Consider using fscanf_s instead. To disable deprecation, use _CRT_SECURE_NO_WARNINGS. See online help for details.
C:\Users\RS3\Desktop\TextureAnimation\Project1\Project1\glm.cpp(341,17): error C4996: 'fscanf': This function or variable may be unsafe. Consider using fscanf_s instead. To disable deprecation, use _CRT_SECURE_NO_WARNINGS. See online help for details.
C:\Users\RS3\Desktop\TextureAnimation\Project1\Project1\glm.cpp(377,5): error C4996: 'strcpy': This function or variable may be unsafe. Consider using strcpy_s instead. To disable deprecation, use _CRT_SECURE_NO_WARNINGS. See online help for details.
C:\Users\RS3\Desktop\TextureAnimation\Project1\Project1\glm.cpp(378,5): error C4996: 'strcat': This function or variable may be unsafe. Consider using strcat_s instead. To disable deprecation, use _CRT_SECURE_NO_WARNINGS. See online help for details.
C:\Users\RS3\Desktop\TextureAnimation\Project1\Project1\glm.cpp(382,12): error C4996: 'fopen': This function or variable may be unsafe. Consider using fopen_s instead. To disable deprecation, use _CRT_SECURE_NO_WARNINGS. See online help for details.
C:\Users\RS3\Desktop\TextureAnimation\Project1\Project1\glm.cpp(433,40): error C2664: 'GLMgroup *glmAddGroup(GLMmodel *,char *)': cannot convert argument 2 from 'const char [8]' to 'char *'
C:\Users\RS3\Desktop\TextureAnimation\Project1\Project1\glm.cpp(433,31): message : Conversion from string literal loses const qualifier (see /Zc:strictStrings)
C:\Users\RS3\Desktop\TextureAnimation\Project1\Project1\glm.cpp(168,1): message : see declaration of 'glmAddGroup'
C:\Users\RS3\Desktop\TextureAnimation\Project1\Project1\glm.cpp(436,11): error C4996: 'fscanf': This function or variable may be unsafe. Consider using fscanf_s instead. To disable deprecation, use _CRT_SECURE_NO_WARNINGS. See online help for details.
C:\Users\RS3\Desktop\TextureAnimation\Project1\Project1\glm.cpp(467,17): error C4996: 'sscanf': This function or variable may be unsafe. Consider using sscanf_s instead. To disable deprecation, use _CRT_SECURE_NO_WARNINGS. See online help for details.
C:\Users\RS3\Desktop\TextureAnimation\Project1\Project1\glm.cpp(468,37): error C4996: 'strdup': The POSIX name for this item is deprecated. Instead, use the ISO C and C++ conformant name: _strdup. See online help for details.
C:\Users\RS3\Desktop\TextureAnimation\Project1\Project1\glm.cpp(487,17): error C4996: 'fscanf': This function or variable may be unsafe. Consider using fscanf_s instead. To disable deprecation, use _CRT_SECURE_NO_WARNINGS. See online help for details.
C:\Users\RS3\Desktop\TextureAnimation\Project1\Project1\glm.cpp(491,21): error C4996: 'sscanf': This function or variable may be unsafe. Consider using sscanf_s instead. To disable deprecation, use _CRT_SECURE_NO_WARNINGS. See online help for details.
C:\Users\RS3\Desktop\TextureAnimation\Project1\Project1\glm.cpp(492,21): error C4996: 'fscanf': This function or variable may be unsafe. Consider using fscanf_s instead. To disable deprecation, use _CRT_SECURE_NO_WARNINGS. See online help for details.
C:\Users\RS3\Desktop\TextureAnimation\Project1\Project1\glm.cpp(493,21): error C4996: 'fscanf': This function or variable may be unsafe. Consider using fscanf_s instead. To disable deprecation, use _CRT_SECURE_NO_WARNINGS. See online help for details.
C:\Users\RS3\Desktop\TextureAnimation\Project1\Project1\glm.cpp(496,27): error C4996: 'fscanf': This function or variable may be unsafe. Consider using fscanf_s instead. To disable deprecation, use _CRT_SECURE_NO_WARNINGS. See online help for details.
C:\Users\RS3\Desktop\TextureAnimation\Project1\Project1\glm.cpp(500,28): error C4996: 'sscanf': This function or variable may be unsafe. Consider using sscanf_s instead. To disable deprecation, use _CRT_SECURE_NO_WARNINGS. See online help for details.
C:\Users\RS3\Desktop\TextureAnimation\Project1\Project1\glm.cpp(502,21): error C4996: 'fscanf': This function or variable may be unsafe. Consider using fscanf_s instead. To disable deprecation, use _CRT_SECURE_NO_WARNINGS. See online help for details.
C:\Users\RS3\Desktop\TextureAnimation\Project1\Project1\glm.cpp(503,21): error C4996: 'fscanf': This function or variable may be unsafe. Consider using fscanf_s instead. To disable deprecation, use _CRT_SECURE_NO_WARNINGS. See online help for details.
C:\Users\RS3\Desktop\TextureAnimation\Project1\Project1\glm.cpp(506,27): error C4996: 'fscanf': This function or variable may be unsafe. Consider using fscanf_s instead. To disable deprecation, use _CRT_SECURE_NO_WARNINGS. See online help for details.
C:\Users\RS3\Desktop\TextureAnimation\Project1\Project1\glm.cpp(510,28): error C4996: 'sscanf': This function or variable may be unsafe. Consider using sscanf_s instead. To disable deprecation, use _CRT_SECURE_NO_WARNINGS. See online help for details.
C:\Users\RS3\Desktop\TextureAnimation\Project1\Project1\glm.cpp(512,21): error C4996: 'fscanf': This function or variable may be unsafe. Consider using fscanf_s instead. To disable deprecation, use _CRT_SECURE_NO_WARNINGS. See online help for details.
C:\Users\RS3\Desktop\TextureAnimation\Project1\Project1\glm.cpp(513,21): error C4996: 'fscanf': This function or variable may be unsafe. Consider using fscanf_s instead. To disable deprecation, use _CRT_SECURE_NO_WARNINGS. See online help for details.
C:\Users\RS3\Desktop\TextureAnimation\Project1\Project1\glm.cpp(516,27): error C4996: 'fscanf': This function or variable may be unsafe. Consider using fscanf_s instead. To disable deprecation, use _CRT_SECURE_NO_WARNINGS. See online help for details.
C:\Users\RS3\Desktop\TextureAnimation\Project1\Project1\glm.cpp(522,21): error C4996: 'fscanf': This function or variable may be unsafe. Consider using fscanf_s instead. To disable deprecation, use _CRT_SECURE_NO_WARNINGS. See online help for details.
C:\Users\RS3\Desktop\TextureAnimation\Project1\Project1\glm.cpp(523,21): error C4996: 'fscanf': This function or variable may be unsafe. Consider using fscanf_s instead. To disable deprecation, use _CRT_SECURE_NO_WARNINGS. See online help for details.
C:\Users\RS3\Desktop\TextureAnimation\Project1\Project1\glm.cpp(526,27): error C4996: 'fscanf': This function or variable may be unsafe. Consider using fscanf_s instead. To disable deprecation, use _CRT_SECURE_NO_WARNINGS. See online help for details.
C:\Users\RS3\Desktop\TextureAnimation\Project1\Project1\glm.cpp(587,11): error C4996: 'fscanf': This function or variable may be unsafe. Consider using fscanf_s instead. To disable deprecation, use _CRT_SECURE_NO_WARNINGS. See online help for details.
C:\Users\RS3\Desktop\TextureAnimation\Project1\Project1\glm.cpp(596,17): error C4996: 'fscanf': This function or variable may be unsafe. Consider using fscanf_s instead. To disable deprecation, use _CRT_SECURE_NO_WARNINGS. See online help for details.
C:\Users\RS3\Desktop\TextureAnimation\Project1\Project1\glm.cpp(603,17): error C4996: 'fscanf': This function or variable may be unsafe. Consider using fscanf_s instead. To disable deprecation, use _CRT_SECURE_NO_WARNINGS. See online help for details.
C:\Users\RS3\Desktop\TextureAnimation\Project1\Project1\glm.cpp(610,17): error C4996: 'fscanf': This function or variable may be unsafe. Consider using fscanf_s instead. To disable deprecation, use _CRT_SECURE_NO_WARNINGS. See online help for details.
C:\Users\RS3\Desktop\TextureAnimation\Project1\Project1\glm.cpp(619,17): error C4996: 'sscanf': This function or variable may be unsafe. Consider using sscanf_s instead. To disable deprecation, use _CRT_SECURE_NO_WARNINGS. See online help for details.
C:\Users\RS3\Desktop\TextureAnimation\Project1\Project1\glm.cpp(635,17): error C4996: 'fscanf': This function or variable may be unsafe. Consider using fscanf_s instead. To disable deprecation, use _CRT_SECURE_NO_WARNINGS. See online help for details.
C:\Users\RS3\Desktop\TextureAnimation\Project1\Project1\glm.cpp(639,21): error C4996: 'sscanf': This function or variable may be unsafe. Consider using sscanf_s instead. To disable deprecation, use _CRT_SECURE_NO_WARNINGS. See online help for details.
C:\Users\RS3\Desktop\TextureAnimation\Project1\Project1\glm.cpp(642,21): error C4996: 'fscanf': This function or variable may be unsafe. Consider using fscanf_s instead. To disable deprecation, use _CRT_SECURE_NO_WARNINGS. See online help for details.
C:\Users\RS3\Desktop\TextureAnimation\Project1\Project1\glm.cpp(645,21): error C4996: 'fscanf': This function or variable may be unsafe. Consider using fscanf_s instead. To disable deprecation, use _CRT_SECURE_NO_WARNINGS. See online help for details.
C:\Users\RS3\Desktop\TextureAnimation\Project1\Project1\glm.cpp(650,27): error C4996: 'fscanf': This function or variable may be unsafe. Consider using fscanf_s instead. To disable deprecation, use _CRT_SECURE_NO_WARNINGS. See online help for details.
C:\Users\RS3\Desktop\TextureAnimation\Project1\Project1\glm.cpp(660,28): error C4996: 'sscanf': This function or variable may be unsafe. Consider using sscanf_s instead. To disable deprecation, use _CRT_SECURE_NO_WARNINGS. See online help for details.
C:\Users\RS3\Desktop\TextureAnimation\Project1\Project1\glm.cpp(665,21): error C4996: 'fscanf': This function or variable may be unsafe. Consider using fscanf_s instead. To disable deprecation, use _CRT_SECURE_NO_WARNINGS. See online help for details.
C:\Users\RS3\Desktop\TextureAnimation\Project1\Project1\glm.cpp(669,21): error C4996: 'fscanf': This function or variable may be unsafe. Consider using fscanf_s instead. To disable deprecation, use _CRT_SECURE_NO_WARNINGS. See online help for details.
C:\Users\RS3\Desktop\TextureAnimation\Project1\Project1\glm.cpp(675,27): error C4996: 'fscanf': This function or variable may be unsafe. Consider using fscanf_s instead. To disable deprecation, use _CRT_SECURE_NO_WARNINGS. See online help for details.
C:\Users\RS3\Desktop\TextureAnimation\Project1\Project1\glm.cpp(688,28): error C4996: 'sscanf': This function or variable may be unsafe. Consider using sscanf_s instead. To disable deprecation, use _CRT_SECURE_NO_WARNINGS. See online help for details.
C:\Users\RS3\Desktop\TextureAnimation\Project1\Project1\glm.cpp(692,21): error C4996: 'fscanf': This function or variable may be unsafe. Consider using fscanf_s instead. To disable deprecation, use _CRT_SECURE_NO_WARNINGS. See online help for details.
C:\Users\RS3\Desktop\TextureAnimation\Project1\Project1\glm.cpp(695,21): error C4996: 'fscanf': This function or variable may be unsafe. Consider using fscanf_s instead. To disable deprecation, use _CRT_SECURE_NO_WARNINGS. See online help for details.
C:\Users\RS3\Desktop\TextureAnimation\Project1\Project1\glm.cpp(700,27): error C4996: 'fscanf': This function or variable may be unsafe. Consider using fscanf_s instead. To disable deprecation, use _CRT_SECURE_NO_WARNINGS. See online help for details.
C:\Users\RS3\Desktop\TextureAnimation\Project1\Project1\glm.cpp(712,21): error C4996: 'sscanf': This function or variable may be unsafe. Consider using sscanf_s instead. To disable deprecation, use _CRT_SECURE_NO_WARNINGS. See online help for details.
C:\Users\RS3\Desktop\TextureAnimation\Project1\Project1\glm.cpp(714,21): error C4996: 'fscanf': This function or variable may be unsafe. Consider using fscanf_s instead. To disable deprecation, use _CRT_SECURE_NO_WARNINGS. See online help for details.
C:\Users\RS3\Desktop\TextureAnimation\Project1\Project1\glm.cpp(716,21): error C4996: 'fscanf': This function or variable may be unsafe. Consider using fscanf_s instead. To disable deprecation, use _CRT_SECURE_NO_WARNINGS. See online help for details.
C:\Users\RS3\Desktop\TextureAnimation\Project1\Project1\glm.cpp(720,27): error C4996: 'fscanf': This function or variable may be unsafe. Consider using fscanf_s instead. To disable deprecation, use _CRT_SECURE_NO_WARNINGS. See online help for details.
C:\Users\RS3\Desktop\TextureAnimation\Project1\Project1\glm.cpp(1296,12): error C4996: 'fopen': This function or variable may be unsafe. Consider using fopen_s instead. To disable deprecation, use _CRT_SECURE_NO_WARNINGS. See online help for details.
C:\Users\RS3\Desktop\TextureAnimation\Project1\Project1\glm.cpp(1305,26): error C4996: 'strdup': The POSIX name for this item is deprecated. Instead, use the ISO C and C++ conformant name: _strdup. See online help for details.
C:\Users\RS3\Desktop\TextureAnimation\Project1\Project1\glm.cpp(1417,12): error C4996: 'fopen': This function or variable may be unsafe. Consider using fopen_s instead. To disable deprecation, use _CRT_SECURE_NO_WARNINGS. See online help for details.
C:\Users\RS3\Desktop\TextureAnimation\Project1\Project1\glm.cpp(1779,10): error C4996: 'fopen': This function or variable may be unsafe. Consider using fopen_s instead. To disable deprecation, use _CRT_SECURE_NO_WARNINGS. See online help for details.
C:\Users\RS3\Desktop\TextureAnimation\Project1\Project1\glm.cpp(1800,18): error C4996: 'sscanf': This function or variable may be unsafe. Consider using sscanf_s instead. To disable deprecation, use _CRT_SECURE_NO_WARNINGS. See online help for details.
C:\Users\RS3\Desktop\TextureAnimation\Project1\Project1\glm.cpp(1802,18): error C4996: 'sscanf': This function or variable may be unsafe. Consider using sscanf_s instead. To disable deprecation, use _CRT_SECURE_NO_WARNINGS. See online help for details.
C:\Users\RS3\Desktop\TextureAnimation\Project1\Project1\glm.cpp(1804,18): error C4996: 'sscanf': This function or variable may be unsafe. Consider using sscanf_s instead. To disable deprecation, use _CRT_SECURE_NO_WARNINGS. See online help for details.
  Source.cpp
C:\Users\RS3\Desktop\TextureAnimation\Project1\Project1\Source.cpp(79,48): error C2664: 'GLMmodel *glmReadOBJ(char *)': cannot convert argument 1 from 'const char [15]' to 'char *'
C:\Users\RS3\Desktop\TextureAnimation\Project1\Project1\Source.cpp(79,32): message : Conversion from string literal loses const qualifier (see /Zc:strictStrings)
C:\Users\RS3\Desktop\TextureAnimation\Project1\Project1\glm.h(195,1): message : see declaration of 'glmReadOBJ'
C:\Users\RS3\Desktop\TextureAnimation\Project1\Project1\Source.cpp(80,43): error C2664: 'GLMmodel *glmReadOBJ(char *)': cannot convert argument 1 from 'const char [10]' to 'char *'
C:\Users\RS3\Desktop\TextureAnimation\Project1\Project1\Source.cpp(80,32): message : Conversion from string literal loses const qualifier (see /Zc:strictStrings)
C:\Users\RS3\Desktop\TextureAnimation\Project1\Project1\glm.h(195,1): message : see declaration of 'glmReadOBJ'
C:\Users\RS3\Desktop\TextureAnimation\Project1\Project1\Source.cpp(81,60): error C2664: 'GLMmodel *glmReadOBJ(char *)': cannot convert argument 1 from 'const char [27]' to 'char *'
C:\Users\RS3\Desktop\TextureAnimation\Project1\Project1\Source.cpp(81,32): message : Conversion from string literal loses const qualifier (see /Zc:strictStrings)
C:\Users\RS3\Desktop\TextureAnimation\Project1\Project1\glm.h(195,1): message : see declaration of 'glmReadOBJ'
C:\Users\RS3\Desktop\TextureAnimation\Project1\Project1\Source.cpp(230,40): error C2664: 'GLMmodel *glmReadOBJ(char *)': cannot convert argument 1 from 'const char [10]' to 'char *'
C:\Users\RS3\Desktop\TextureAnimation\Project1\Project1\Source.cpp(230,29): message : Conversion from string literal loses const qualifier (see /Zc:strictStrings)
C:\Users\RS3\Desktop\TextureAnimation\Project1\Project1\glm.h(195,1): message : see declaration of 'glmReadOBJ'
  Generating Code...
